[ 2017-03-12T16:41:25+08:00 ] 127.0.0.1 127.0.0.1 GET /
[ log ] w-think.hyx.com/ [运行时间：0.019747s][吞吐率：50.64req/s] [内存消耗：730.91kb] [文件加载：25]
[ info ] [ LANG ] F:\web\w-think\thinkphp\lang\zh-cn.php
[ info ] [ ROUTE ] array (
  'type' => 'module',
  'module' => 
  array (
    0 => '',
    1 => NULL,
    2 => NULL,
  ),
)
[ info ] [ HEADER ] array (
  'cookie' => 'pgv_pvi=2978981888',
  'accept-language' => 'zh-CN,zh;q=0.8',
  'accept-encoding' => 'gzip, deflate, sdch',
  'accept' => 'text/html,application/xhtml+xml,application/xml;q=0.9,image/webp,*/*;q=0.8',
  'user-agent' => 'Mozilla/5.0 (Windows NT 10.0; WOW64) AppleWebKit/537.36 (KHTML, like Gecko) Chrome/56.0.2924.87 Safari/537.36',
  'upgrade-insecure-requests' => '1',
  'connection' => 'close',
  'host' => 'w-think.hyx.com',
)
[ info ] [ PARAM ] array (
)
[ info ] [ RUN ] app\index\controller\Index->index[ F:\web\w-think\application\index\controller\Index.php ]
[ info ] [ LOG ] INIT File

---------------------------------------------------------------
[ 2017-03-12T16:41:26+08:00 ] 127.0.0.1 127.0.0.1 GET /favicon.ico
[ log ] w-think.hyx.com/favicon.ico [运行时间：0.242782s][吞吐率：4.12req/s] [内存消耗：756.27kb] [文件加载：27]
[ info ] [ LANG ] F:\web\w-think\thinkphp\lang\zh-cn.php
[ info ] [ ROUTE ] array (
  'type' => 'module',
  'module' => 
  array (
    0 => 'favicon.ico',
    1 => NULL,
    2 => NULL,
  ),
)
[ info ] [ HEADER ] array (
  'cookie' => 'pgv_pvi=2978981888',
  'accept-language' => 'zh-CN,zh;q=0.8',
  'accept-encoding' => 'gzip, deflate, sdch',
  'referer' => 'http://w-think.hyx.com/',
  'accept' => 'image/webp,image/*,*/*;q=0.8',
  'user-agent' => 'Mozilla/5.0 (Windows NT 10.0; WOW64) AppleWebKit/537.36 (KHTML, like Gecko) Chrome/56.0.2924.87 Safari/537.36',
  'connection' => 'close',
  'host' => 'w-think.hyx.com',
)
[ info ] [ PARAM ] array (
)
[ info ] [ LOG ] INIT File

---------------------------------------------------------------
[ 2017-03-12T16:41:29+08:00 ] 127.0.0.1 127.0.0.1 GET /admin
[ log ] w-think.hyx.com/admin [运行时间：0.024333s][吞吐率：41.10req/s] [内存消耗：1,054.08kb] [文件加载：38]
[ info ] [ LANG ] F:\web\w-think\thinkphp\lang\zh-cn.php
[ info ] [ ROUTE ] array (
  'type' => 'module',
  'module' => 
  array (
    0 => 'admin',
    1 => NULL,
    2 => NULL,
  ),
)
[ info ] [ HEADER ] array (
  'cookie' => 'pgv_pvi=2978981888',
  'accept-language' => 'zh-CN,zh;q=0.8',
  'accept-encoding' => 'gzip, deflate, sdch',
  'accept' => 'text/html,application/xhtml+xml,application/xml;q=0.9,image/webp,*/*;q=0.8',
  'user-agent' => 'Mozilla/5.0 (Windows NT 10.0; WOW64) AppleWebKit/537.36 (KHTML, like Gecko) Chrome/56.0.2924.87 Safari/537.36',
  'upgrade-insecure-requests' => '1',
  'connection' => 'close',
  'host' => 'w-think.hyx.com',
)
[ info ] [ PARAM ] array (
)
[ info ] [ SESSION ] INIT array (
  'id' => '',
  'var_session_id' => '',
  'prefix' => 'think',
  'type' => '',
  'auto_start' => true,
)
[ info ] [ LOG ] INIT File

---------------------------------------------------------------
[ 2017-03-12T16:41:29+08:00 ] 127.0.0.1 127.0.0.1 GET /admin/base/login.html
[ log ] w-think.hyx.com/admin/base/login.html [运行时间：0.042489s][吞吐率：23.54req/s] [内存消耗：1,110.14kb] [文件加载：37]
[ info ] [ LANG ] F:\web\w-think\thinkphp\lang\zh-cn.php
[ info ] [ ROUTE ] array (
  'type' => 'module',
  'module' => 
  array (
    0 => 'admin',
    1 => 'base',
    2 => 'login',
  ),
)
[ info ] [ HEADER ] array (
  'cookie' => 'pgv_pvi=2978981888; PHPSESSID=d6e7066h4l88hv8gq4dba1ebq5',
  'accept-language' => 'zh-CN,zh;q=0.8',
  'accept-encoding' => 'gzip, deflate, sdch',
  'accept' => 'text/html,application/xhtml+xml,application/xml;q=0.9,image/webp,*/*;q=0.8',
  'user-agent' => 'Mozilla/5.0 (Windows NT 10.0; WOW64) AppleWebKit/537.36 (KHTML, like Gecko) Chrome/56.0.2924.87 Safari/537.36',
  'upgrade-insecure-requests' => '1',
  'connection' => 'close',
  'host' => 'w-think.hyx.com',
)
[ info ] [ PARAM ] array (
)
[ info ] [ RUN ] app\admin\controller\Base->login[ F:\web\w-think\application\admin\controller\Base.php ]
[ info ] [ VIEW ] application/admin\view\Index\login.html [ array (
) ]
[ info ] [ LOG ] INIT File

---------------------------------------------------------------
[ 2017-03-12T16:41:32+08:00 ] 127.0.0.1 127.0.0.1 GET /admin/base/dologin.html?
[ log ] w-think.hyx.com/admin/base/dologin.html? [运行时间：0.026132s][吞吐率：38.27req/s] [内存消耗：1,011.89kb] [文件加载：36]
[ info ] [ LANG ] F:\web\w-think\thinkphp\lang\zh-cn.php
[ info ] [ ROUTE ] array (
  'type' => 'module',
  'module' => 
  array (
    0 => 'admin',
    1 => 'base',
    2 => 'dologin',
  ),
)
[ info ] [ HEADER ] array (
  'cookie' => 'pgv_pvi=2978981888; PHPSESSID=d6e7066h4l88hv8gq4dba1ebq5',
  'accept-language' => 'zh-CN,zh;q=0.8',
  'accept-encoding' => 'gzip, deflate, sdch',
  'referer' => 'http://w-think.hyx.com/admin/base/login.html',
  'accept' => 'text/html,application/xhtml+xml,application/xml;q=0.9,image/webp,*/*;q=0.8',
  'user-agent' => 'Mozilla/5.0 (Windows NT 10.0; WOW64) AppleWebKit/537.36 (KHTML, like Gecko) Chrome/56.0.2924.87 Safari/537.36',
  'upgrade-insecure-requests' => '1',
  'connection' => 'close',
  'host' => 'w-think.hyx.com',
)
[ info ] [ PARAM ] array (
)
[ info ] [ RUN ] app\admin\controller\Base->dologin[ F:\web\w-think\application\admin\controller\Base.php ]
[ info ] [ SESSION ] INIT array (
  'id' => '',
  'var_session_id' => '',
  'prefix' => 'think',
  'type' => '',
  'auto_start' => true,
)
[ info ] [ LOG ] INIT File

---------------------------------------------------------------
[ 2017-03-12T16:41:32+08:00 ] 127.0.0.1 127.0.0.1 GET /admin/index/index.html
[ log ] w-think.hyx.com/admin/index/index.html [运行时间：0.096811s][吞吐率：10.33req/s] [内存消耗：2,362.55kb] [文件加载：48]
[ info ] [ LANG ] F:\web\w-think\thinkphp\lang\zh-cn.php
[ info ] [ ROUTE ] array (
  'type' => 'module',
  'module' => 
  array (
    0 => 'admin',
    1 => 'index',
    2 => 'index',
  ),
)
[ info ] [ HEADER ] array (
  'cookie' => 'pgv_pvi=2978981888; PHPSESSID=d6e7066h4l88hv8gq4dba1ebq5',
  'accept-language' => 'zh-CN,zh;q=0.8',
  'accept-encoding' => 'gzip, deflate, sdch',
  'referer' => 'http://w-think.hyx.com/admin/base/login.html',
  'accept' => 'text/html,application/xhtml+xml,application/xml;q=0.9,image/webp,*/*;q=0.8',
  'user-agent' => 'Mozilla/5.0 (Windows NT 10.0; WOW64) AppleWebKit/537.36 (KHTML, like Gecko) Chrome/56.0.2924.87 Safari/537.36',
  'upgrade-insecure-requests' => '1',
  'connection' => 'close',
  'host' => 'w-think.hyx.com',
)
[ info ] [ PARAM ] array (
)
[ info ] [ SESSION ] INIT array (
  'id' => '',
  'var_session_id' => '',
  'prefix' => 'think',
  'type' => '',
  'auto_start' => true,
)
[ info ] [ RUN ] app\admin\controller\Index->index[ F:\web\w-think\application\admin\controller\Index.php ]
[ info ] [ DB ] INIT mysql
[ info ] [ DB ] INIT mysql
[ info ] [ VIEW ] application/admin\view\Index\index.html [ array (
  0 => 'request',
  1 => 'param',
  2 => 'info',
) ]
[ info ] [ LOG ] INIT File
[ sql ] [ DB ] CONNECT:[ UseTime:0.024436s ] mysql:dbname=w-think;host=127.0.0.1;charset=utf8
[ sql ] [ SQL ] SHOW COLUMNS FROM `wthink_menu` [ RunTime:0.004144s ]
[ sql ] [ SQL ] SELECT * FROM `wthink_menu` ORDER BY listorder asc  [ RunTime:0.021405s ]

---------------------------------------------------------------
[ 2017-03-12T16:41:32+08:00 ] 127.0.0.1 127.0.0.1 GET /admin/index/main.html
[ log ] w-think.hyx.com/admin/index/main.html [运行时间：0.173423s][吞吐率：5.77req/s] [内存消耗：1,276.80kb] [文件加载：42]
[ info ] [ LANG ] F:\web\w-think\thinkphp\lang\zh-cn.php
[ info ] [ ROUTE ] array (
  'type' => 'module',
  'module' => 
  array (
    0 => 'admin',
    1 => 'index',
    2 => 'main',
  ),
)
[ info ] [ HEADER ] array (
  'cookie' => 'pgv_pvi=2978981888; PHPSESSID=d6e7066h4l88hv8gq4dba1ebq5',
  'accept-language' => 'zh-CN,zh;q=0.8',
  'accept-encoding' => 'gzip, deflate, sdch',
  'referer' => 'http://w-think.hyx.com/admin/index/index.html',
  'accept' => 'text/html,application/xhtml+xml,application/xml;q=0.9,image/webp,*/*;q=0.8',
  'user-agent' => 'Mozilla/5.0 (Windows NT 10.0; WOW64) AppleWebKit/537.36 (KHTML, like Gecko) Chrome/56.0.2924.87 Safari/537.36',
  'upgrade-insecure-requests' => '1',
  'connection' => 'close',
  'host' => 'w-think.hyx.com',
)
[ info ] [ PARAM ] array (
)
[ info ] [ SESSION ] INIT array (
  'id' => '',
  'var_session_id' => '',
  'prefix' => 'think',
  'type' => '',
  'auto_start' => true,
)
[ info ] [ RUN ] app\admin\controller\Index->main[ F:\web\w-think\application\admin\controller\Index.php ]
[ info ] [ DB ] INIT mysql
[ info ] [ VIEW ] application/admin\view\Index\main.html [ array (
  0 => 'request',
  1 => 'param',
  2 => 'config',
) ]
[ info ] [ LOG ] INIT File
[ sql ] [ DB ] CONNECT:[ UseTime:0.012816s ] mysql:dbname=w-think;host=127.0.0.1;charset=utf8
[ sql ] [ SQL ] SELECT VERSION() AS ver [ RunTime:0.122168s ]

---------------------------------------------------------------
[ 2017-03-12T16:41:33+08:00 ] 127.0.0.1 127.0.0.1 GET /admin/index/favicon.ico
[ log ] w-think.hyx.com/admin/index/favicon.ico [运行时间：0.023882s][吞吐率：41.87req/s] [内存消耗：1,018.23kb] [文件加载：38]
[ info ] [ LANG ] F:\web\w-think\thinkphp\lang\zh-cn.php
[ info ] [ ROUTE ] array (
  'type' => 'module',
  'module' => 
  array (
    0 => 'admin',
    1 => 'index',
    2 => 'favicon.ico',
  ),
)
[ info ] [ HEADER ] array (
  'cookie' => 'pgv_pvi=2978981888; PHPSESSID=d6e7066h4l88hv8gq4dba1ebq5',
  'accept-language' => 'zh-CN,zh;q=0.8',
  'accept-encoding' => 'gzip, deflate, sdch',
  'referer' => 'http://w-think.hyx.com/admin/index/index.html',
  'accept' => 'image/webp,image/*,*/*;q=0.8',
  'user-agent' => 'Mozilla/5.0 (Windows NT 10.0; WOW64) AppleWebKit/537.36 (KHTML, like Gecko) Chrome/56.0.2924.87 Safari/537.36',
  'connection' => 'close',
  'host' => 'w-think.hyx.com',
)
[ info ] [ PARAM ] array (
)
[ info ] [ SESSION ] INIT array (
  'id' => '',
  'var_session_id' => '',
  'prefix' => 'think',
  'type' => '',
  'auto_start' => true,
)
[ info ] [ LOG ] INIT File

---------------------------------------------------------------
